#
# There is insufficient memory for the Java Runtime Environment to continue.
# Native memory allocation (malloc) failed to allocate 1048576 bytes for AllocateHeap
# Possible reasons:
#   The system is out of physical RAM or swap space
#   The process is running with CompressedOops enabled, and the Java Heap may be blocking the growth of the native heap
# Possible solutions:
#   Reduce memory load on the system
#   Increase physical memory or swap space
#   Check if swap backing store is full
#   Decrease Java heap size (-Xmx/-Xms)
#   Decrease number of Java threads
#   Decrease Java thread stack sizes (-Xss)
#   Set larger code cache with -XX:ReservedCodeCacheSize=
#   JVM is running with Unscaled Compressed Oops mode in which the Java heap is
#     placed in the first 4GB address space. The Java Heap base address is the
#     maximum limit for the native heap growth. Please use -XX:HeapBaseMinAddress
#     to set the Java Heap base and to place the Java Heap above 4GB virtual address.
# This output file may be truncated or incomplete.
#
#  Out of Memory Error (memory/allocation.inline.hpp:61), pid=14076, tid=0x0000000000000e40
#
# JRE version:  (8.0_281-b09) (build )
# Java VM: Java HotSpot(TM) 64-Bit Server VM (25.281-b09 mixed mode windows-amd64 compressed oops)
# Failed to write core dump. Minidumps are not enabled by default on client versions of Windows
#

---------------  T H R E A D  ---------------

Current thread (0x00000179d8cec000):  JavaThread "Unknown thread" [_thread_in_vm, id=3648, stack(0x000000369aa00000,0x000000369ab00000)]

Stack: [0x000000369aa00000,0x000000369ab00000]
Native frames: (J=compiled Java code, j=interpreted, Vv=VM code, C=native code)
V  [jvm.dll+0x32e5b9]
V  [jvm.dll+0x275012]
V  [jvm.dll+0x275cbd]
V  [jvm.dll+0x26c6f5]
V  [jvm.dll+0x509d]
V  [jvm.dll+0x3c8d4d]
V  [jvm.dll+0x3c9aca]
V  [jvm.dll+0x3c5a67]
V  [jvm.dll+0xfcaaf]
V  [jvm.dll+0x209a1b]
V  [jvm.dll+0x2383d7]
V  [jvm.dll+0x162566]
C  [java.exe+0x2312]
C  [java.exe+0x15f54]
C  [KERNEL32.DLL+0x17034]
C  [ntdll.dll+0x52651]


---------------  P R O C E S S  ---------------

Java Threads: ( => current thread )

Other Threads:

=>0x00000179d8cec000 (exited) JavaThread "Unknown thread" [_thread_in_vm, id=3648, stack(0x000000369aa00000,0x000000369ab00000)]

VM state:not at safepoint (normal execution)

VM Mutex/Monitor currently owned by a thread: None

heap address: 0x0000000081c00000, size: 2020 MB, Compressed Oops mode: 32-bit
Narrow klass base: 0x0000000000000000, Narrow klass shift: 3
Compressed class space size: 1073741824 Address: 0x0000000100000000

Heap:
 PSYoungGen      total 38400K, used 665K [0x00000000d5f00000, 0x00000000d8980000, 0x0000000100000000)
  eden space 33280K, 2% used [0x00000000d5f00000,0x00000000d5fa6670,0x00000000d7f80000)
  from space 5120K, 0% used [0x00000000d8480000,0x00000000d8480000,0x00000000d8980000)
  to   space 5120K, 0% used [0x00000000d7f80000,0x00000000d7f80000,0x00000000d8480000)
 ParOldGen       total 87552K, used 0K [0x0000000081c00000, 0x0000000087180000, 0x00000000d5f00000)
  object space 87552K, 0% used [0x0000000081c00000,0x0000000081c00000,0x0000000087180000)
 Metaspace       used 777K, capacity 4480K, committed 4480K, reserved 1056768K
  class space    used 76K, capacity 384K, committed 384K, reserved 1048576K

Card table byte_map: [0x00000179e9a80000,0x00000179e9e80000] byte_map_base: 0x00000179e9672000

Marking Bits: (ParMarkBitMap*) 0x0000000057086ff0
 Begin Bits: [0x00000179ea130000, 0x00000179ec0c0000)
 End Bits:   [0x00000179ec0c0000, 0x00000179ee050000)

Polling page: 0x00000179d8c70000

CodeCache: size=245760Kb used=328Kb max_used=328Kb free=245431Kb
 bounds [0x00000179da6c0000, 0x00000179da930000, 0x00000179e96c0000]
 total_blobs=58 nmethods=0 adapters=38
 compilation: enabled

Compilation events (0 events):
No events

GC Heap History (0 events):
No events

Deoptimization events (0 events):
No events

Classes redefined (0 events):
No events

Internal exceptions (0 events):
No events

Events (10 events):
Event: 0.023 loading class java/lang/Short
Event: 0.023 loading class java/lang/Short done
Event: 0.023 loading class java/lang/Integer
Event: 0.023 loading class java/lang/Integer done
Event: 0.023 loading class java/lang/Long
Event: 0.023 loading class java/lang/Long done
Event: 0.024 loading class java/lang/NullPointerException
Event: 0.024 loading class java/lang/NullPointerException done
Event: 0.024 loading class java/lang/ArithmeticException
Event: 0.024 loading class java/lang/ArithmeticException done


Dynamic libraries:
0x00007ff6a0630000 - 0x00007ff6a0677000 	C:\Program Files\Java\jdk1.8.0_281\bin\java.exe
0x00007ffddb0b0000 - 0x00007ffddb2a5000 	C:\WINDOWS\SYSTEM32\ntdll.dll
0x00007ffdd9100000 - 0x00007ffdd91be000 	C:\WINDOWS\System32\KERNEL32.DLL
0x00007ffdd8960000 - 0x00007ffdd8c29000 	C:\WINDOWS\System32\KERNELBASE.dll
0x00007ffdd9ef0000 - 0x00007ffdd9f9c000 	C:\WINDOWS\System32\ADVAPI32.dll
0x00007ffdda6f0000 - 0x00007ffdda78e000 	C:\WINDOWS\System32\msvcrt.dll
0x00007ffdd9660000 - 0x00007ffdd96fb000 	C:\WINDOWS\System32\sechost.dll
0x00007ffdd9b80000 - 0x00007ffdd9caa000 	C:\WINDOWS\System32\RPCRT4.dll
0x00007ffdda790000 - 0x00007ffdda931000 	C:\WINDOWS\System32\USER32.dll
0x00007ffdd87d0000 - 0x00007ffdd87f2000 	C:\WINDOWS\System32\win32u.dll
0x00007ffdda940000 - 0x00007ffdda96b000 	C:\WINDOWS\System32\GDI32.dll
0x00007ffdd8fa0000 - 0x00007ffdd90ab000 	C:\WINDOWS\System32\gdi32full.dll
0x00007ffdd8e70000 - 0x00007ffdd8f0d000 	C:\WINDOWS\System32\msvcp_win.dll
0x00007ffdd8ce0000 - 0x00007ffdd8de0000 	C:\WINDOWS\System32\ucrtbase.dll
0x00007ffdc50e0000 - 0x00007ffdc537a000 	C:\WINDOWS\WinSxS\amd64_microsoft.windows.common-controls_6595b64144ccf1df_6.0.19041.1110_none_60b5254171f9507e\COMCTL32.dll
0x00007ffdd9270000 - 0x00007ffdd92a0000 	C:\WINDOWS\System32\IMM32.DLL
0x00007ffdd1fb0000 - 0x00007ffdd1fc5000 	C:\Program Files\Java\jdk1.8.0_281\jre\bin\vcruntime140.dll
0x00007ffdc6850000 - 0x00007ffdc68eb000 	C:\Program Files\Java\jdk1.8.0_281\jre\bin\msvcp140.dll
0x00000000568a0000 - 0x00000000570ff000 	C:\Program Files\Java\jdk1.8.0_281\jre\bin\server\jvm.dll
0x00007ffdd9ed0000 - 0x00007ffdd9ed8000 	C:\WINDOWS\System32\PSAPI.DLL
0x00007ffdd3a70000 - 0x00007ffdd3a97000 	C:\WINDOWS\SYSTEM32\WINMM.dll
0x00007ffdc2a20000 - 0x00007ffdc2a29000 	C:\WINDOWS\SYSTEM32\WSOCK32.dll
0x00007ffdce1e0000 - 0x00007ffdce1ea000 	C:\WINDOWS\SYSTEM32\VERSION.dll
0x00007ffdd9e60000 - 0x00007ffdd9ecb000 	C:\WINDOWS\System32\WS2_32.dll
0x00007ffdd70a0000 - 0x00007ffdd70b2000 	C:\WINDOWS\SYSTEM32\kernel.appcore.dll
0x00007ffdd5a40000 - 0x00007ffdd5a50000 	C:\Program Files\Java\jdk1.8.0_281\jre\bin\verify.dll
0x00007ffdd0cc0000 - 0x00007ffdd0ceb000 	C:\Program Files\Java\jdk1.8.0_281\jre\bin\java.dll
0x00007ffdcaff0000 - 0x00007ffdcb020000 	C:\Program Files\Java\jdk1.8.0_281\jre\bin\instrument.dll
0x00007ffdd0ca0000 - 0x00007ffdd0cb8000 	C:\Program Files\Java\jdk1.8.0_281\jre\bin\zip.dll
0x00007ffdd65c0000 - 0x00007ffdd67a4000 	C:\WINDOWS\SYSTEM32\dbghelp.dll
0x00007ffdd8f10000 - 0x00007ffdd8f93000 	C:\WINDOWS\System32\bcryptPrimitives.dll

VM Arguments:
jvm_args: -javaagent:C:\Program Files\JetBrains\IntelliJ IDEA 2021.2.2\lib\idea_rt.jar=53987:C:\Program Files\JetBrains\IntelliJ IDEA 2021.2.2\bin -Dfile.encoding=UTF-8 
java_command: Socket.Main
java_class_path (initial): C:\Program Files\Java\jdk1.8.0_281\jre\lib\charsets.jar;C:\Program Files\Java\jdk1.8.0_281\jre\lib\deploy.jar;C:\Program Files\Java\jdk1.8.0_281\jre\lib\ext\access-bridge-64.jar;C:\Program Files\Java\jdk1.8.0_281\jre\lib\ext\cldrdata.jar;C:\Program Files\Java\jdk1.8.0_281\jre\lib\ext\dnsns.jar;C:\Program Files\Java\jdk1.8.0_281\jre\lib\ext\jaccess.jar;C:\Program Files\Java\jdk1.8.0_281\jre\lib\ext\jfxrt.jar;C:\Program Files\Java\jdk1.8.0_281\jre\lib\ext\localedata.jar;C:\Program Files\Java\jdk1.8.0_281\jre\lib\ext\nashorn.jar;C:\Program Files\Java\jdk1.8.0_281\jre\lib\ext\sunec.jar;C:\Program Files\Java\jdk1.8.0_281\jre\lib\ext\sunjce_provider.jar;C:\Program Files\Java\jdk1.8.0_281\jre\lib\ext\sunmscapi.jar;C:\Program Files\Java\jdk1.8.0_281\jre\lib\ext\sunpkcs11.jar;C:\Program Files\Java\jdk1.8.0_281\jre\lib\ext\zipfs.jar;C:\Program Files\Java\jdk1.8.0_281\jre\lib\javaws.jar;C:\Program Files\Java\jdk1.8.0_281\jre\lib\jce.jar;C:\Program Files\Java\jdk1.8.0_281\jre\lib\jfr.jar;C:\Program Files\Java\jdk1.8.0_281\jre\lib\jfxswt.jar;C:\Program Files\Java\jdk1.8.0_281\jre\lib\jsse.jar;C:\Program Files\Java\jdk1.8.0_281\jre\lib\management-agent.jar;C:\Program Files\Java\jdk1.8.0_281\jre\lib\plugin.jar;C:\Program Files\Java\jdk1.8.0_281\jre\lib\resources.jar;C:\Program Files\Java\jdk1.8.0_281\jre\lib\rt.jar;C:\Users\LuNgocLien\IdeaProjects\Socket\out\production\Socket;C:\Program Files\JetBrains\IntelliJ IDEA 2021.2.2\lib\idea_rt.jar
Launcher Type: SUN_STANDARD

Environment Variables:
JAVA_HOME=C:\Program Files\Java\jdk1.8.0_281
USERNAME=LuNgocLien
OS=Windows_NT
PROCESSOR_IDENTIFIER=Intel64 Family 6 Model 142 Stepping 10, GenuineIntel



---------------  S Y S T E M  ---------------

OS: Windows 10.0 , 64 bit Build 19041 (10.0.19041.1202)

CPU:total 8 (initial active 8) (4 cores per cpu, 2 threads per core) family 6 model 142 stepping 10, cmov, cx8, fxsr, mmx, sse, sse2, sse3, ssse3, sse4.1, sse4.2, popcnt, avx, avx2, aes, clmul, erms, 3dnowpref, lzcnt, ht, tsc, tscinvbit, bmi1, bmi2, adx

Memory: 4k page, physical 8272668k(1122296k free), swap 12368668k(4084k free)

vm_info: Java HotSpot(TM) 64-Bit Server VM (25.281-b09) for windows-amd64 JRE (1.8.0_281-b09), built on Dec  9 2020 13:54:07 by "" with MS VC++ 15.9 (VS2017)

time: Thu Sep 30 21:14:23 2021
timezone: SE Asia Standard Time
elapsed time: 0.062693 seconds (0d 0h 0m 0s)

